2025-04-04 09:49:18.550140 - Received CBT.V508.FILE442.PDS from FILE442.XMI 
2025-04-04 09:49:18.552087 - Found $$$#DATE.txt (text/plain) in CBT.V508.FILE442.PDS, moved to PDS/$$$#DATE
2025-04-04 09:49:18.552247 - Found $$NOTE.txt (text/plain) in CBT.V508.FILE442.PDS, moved to PDS/$$NOTE
2025-04-04 09:49:18.552390 - Found #COMPILE.jcl (text/plain) in CBT.V508.FILE442.PDS, moved to PDS/#COMPILE
2025-04-04 09:49:18.552536 - Found #COPY.jcl (text/plain) in CBT.V508.FILE442.PDS, moved to PDS/#COPY
2025-04-04 09:49:18.552664 - Found #MAKETST.rexx (text/plain) in CBT.V508.FILE442.PDS, moved to PDS/#MAKETST
2025-04-04 09:49:18.552792 - Found #MEMBERS.txt (text/plain) in CBT.V508.FILE442.PDS, moved to PDS/#MEMBERS
2025-04-04 09:49:18.552921 - Found #README.txt (text/plain) in CBT.V508.FILE442.PDS, moved to PDS/#README
2025-04-04 09:49:18.553053 - Found #XMIT.jcl (text/plain) in CBT.V508.FILE442.PDS, moved to PDS/#XMIT
2025-04-04 09:49:18.553176 - Found @FILE442.txt (text/plain) in CBT.V508.FILE442.PDS, moved to PDS/@FILE442
2025-04-04 09:49:18.553293 - Found @REV.rexx (text/plain) in CBT.V508.FILE442.PDS, moved to PDS/@REV
2025-04-04 09:49:18.553417 - Found REV@ABO.txt (text/plain) in CBT.V508.FILE442.PDS, moved to PDS/REV@ABO
2025-04-04 09:49:18.553542 - Found REV@ENTY.txt (text/plain) in CBT.V508.FILE442.PDS, moved to PDS/REV@ENTY
2025-04-04 09:49:18.553661 - Found REV@ENT2.txt (text/plain) in CBT.V508.FILE442.PDS, moved to PDS/REV@ENT2
2025-04-04 09:49:18.553781 - Found REV@EXTQ.txt (text/plain) in CBT.V508.FILE442.PDS, moved to PDS/REV@EXTQ
2025-04-04 09:49:18.553901 - Found REV@EXTR.txt (text/plain) in CBT.V508.FILE442.PDS, moved to PDS/REV@EXTR
2025-04-04 09:49:18.554041 - Found REV@EXTW.txt (text/plain) in CBT.V508.FILE442.PDS, moved to PDS/REV@EXTW
2025-04-04 09:49:18.554176 - Found REV@EXT2.txt (text/plain) in CBT.V508.FILE442.PDS, moved to PDS/REV@EXT2
2025-04-04 09:49:18.554317 - Found REV@INFO.txt (text/plain) in CBT.V508.FILE442.PDS, moved to PDS/REV@INFO
2025-04-04 09:49:18.554446 - Found REV@LST.txt (text/plain) in CBT.V508.FILE442.PDS, moved to PDS/REV@LST
2025-04-04 09:49:18.554564 - Found REV@MCHK.txt (text/plain) in CBT.V508.FILE442.PDS, moved to PDS/REV@MCHK
2025-04-04 09:49:18.554697 - Found REV@SHOW.txt (text/plain) in CBT.V508.FILE442.PDS, moved to PDS/REV@SHOW
2025-04-04 09:49:18.554816 - Found REV@WAIT.txt (text/plain) in CBT.V508.FILE442.PDS, moved to PDS/REV@WAIT
2025-04-04 09:49:18.554936 - Found REV@WRL.txt (text/plain) in CBT.V508.FILE442.PDS, moved to PDS/REV@WRL
2025-04-04 09:49:18.555074 - Found REVA00.txt (text/plain) in CBT.V508.FILE442.PDS, moved to PDS/REVA00
2025-04-04 09:49:18.555211 - Found REVA01.txt (text/plain) in CBT.V508.FILE442.PDS, moved to PDS/REVA01
2025-04-04 09:49:18.555350 - Found REVA99.txt (text/plain) in CBT.V508.FILE442.PDS, moved to PDS/REVA99
2025-04-04 09:49:18.555486 - Found REVT00.txt (text/plain) in CBT.V508.FILE442.PDS, moved to PDS/REVT00
2025-04-04 09:49:18.555601 - Found REV01.txt (text/plain) in CBT.V508.FILE442.PDS, moved to PDS/REV01
2025-04-04 09:49:18.555735 - Found REV02.txt (text/plain) in CBT.V508.FILE442.PDS, moved to PDS/REV02
2025-04-04 09:49:18.555858 - Found REV99.txt (text/plain) in CBT.V508.FILE442.PDS, moved to PDS/REV99
2025-04-04 09:49:18.555979 - Found RV#1SUB.jcl (text/plain) in CBT.V508.FILE442.PDS, moved to PDS/RV#1SUB
2025-04-04 09:49:18.556098 - Found RV1#ALCD.txt (text/plain) in CBT.V508.FILE442.PDS, moved to PDS/RV1#ALCD
2025-04-04 09:49:18.556230 - Found RV1#BTH.txt (text/plain) in CBT.V508.FILE442.PDS, moved to PDS/RV1#BTH
2025-04-04 09:49:18.556361 - Found RV1#CMDA.txt (text/plain) in CBT.V508.FILE442.PDS, moved to PDS/RV1#CMDA
2025-04-04 09:49:18.556478 - Found RV1#CNST.txt (text/plain) in CBT.V508.FILE442.PDS, moved to PDS/RV1#CNST
2025-04-04 09:49:18.556624 - Found RV1#COMM.txt (text/plain) in CBT.V508.FILE442.PDS, moved to PDS/RV1#COMM
2025-04-04 09:49:18.556743 - Found RV1#DALC.txt (text/plain) in CBT.V508.FILE442.PDS, moved to PDS/RV1#DALC
2025-04-04 09:49:18.556858 - Found RV1#DARD.txt (text/plain) in CBT.V508.FILE442.PDS, moved to PDS/RV1#DARD
2025-04-04 09:49:18.556972 - Found RV1#DSI.txt (text/plain) in CBT.V508.FILE442.PDS, moved to PDS/RV1#DSI
2025-04-04 09:49:18.557093 - Found RV1#DTE.txt (text/plain) in CBT.V508.FILE442.PDS, moved to PDS/RV1#DTE
2025-04-04 09:49:18.557218 - Found RV1#DTH.txt (text/plain) in CBT.V508.FILE442.PDS, moved to PDS/RV1#DTH
2025-04-04 09:49:18.557336 - Found RV1#ETOP.txt (text/plain) in CBT.V508.FILE442.PDS, moved to PDS/RV1#ETOP
2025-04-04 09:49:18.557449 - Found RV1#EXTR.txt (text/plain) in CBT.V508.FILE442.PDS, moved to PDS/RV1#EXTR
2025-04-04 09:49:18.557580 - Found RV1#FMTB.txt (text/plain) in CBT.V508.FILE442.PDS, moved to PDS/RV1#FMTB
2025-04-04 09:49:18.557701 - Found RV1#HDR.txt (text/plain) in CBT.V508.FILE442.PDS, moved to PDS/RV1#HDR
2025-04-04 09:49:18.557821 - Found RV1#ISPC.txt (text/plain) in CBT.V508.FILE442.PDS, moved to PDS/RV1#ISPC
2025-04-04 09:49:18.557934 - Found RV1#ISPV.txt (text/plain) in CBT.V508.FILE442.PDS, moved to PDS/RV1#ISPV
2025-04-04 09:49:18.558052 - Found RV1#MAIN.txt (text/plain) in CBT.V508.FILE442.PDS, moved to PDS/RV1#MAIN
2025-04-04 09:49:18.558163 - Found RV1#SHOW.txt (text/plain) in CBT.V508.FILE442.PDS, moved to PDS/RV1#SHOW
2025-04-04 09:49:18.558283 - Found RV1#TC.txt (text/plain) in CBT.V508.FILE442.PDS, moved to PDS/RV1#TC
2025-04-04 09:49:18.558408 - Found RV1#TRC.txt (text/plain) in CBT.V508.FILE442.PDS, moved to PDS/RV1#TRC
2025-04-04 09:49:18.558540 - Found RV1#TRCC.txt (text/plain) in CBT.V508.FILE442.PDS, moved to PDS/RV1#TRCC
2025-04-04 09:49:18.558657 - Found RV1#TRCG.txt (text/plain) in CBT.V508.FILE442.PDS, moved to PDS/RV1#TRCG
2025-04-04 09:49:18.558775 - Found RV1#TRCR.txt (text/plain) in CBT.V508.FILE442.PDS, moved to PDS/RV1#TRCR
